<?xml version="1.0" encoding="UTF-8"?>
<testng-results skipped="0" failed="0" total="2" passed="2">
  <reporter-output>
  </reporter-output>
  <suite name="Default suite" duration-ms="95651" started-at="2019-06-12T10:35:31Z" finished-at="2019-06-12T10:37:06Z">
    <groups>
    </groups>
    <test name="Default test" duration-ms="95651" started-at="2019-06-12T10:35:31Z" finished-at="2019-06-12T10:37:06Z">
      <class name="applicationTestCases.STC_OCP_Test">
        <test-method status="PASS" signature="setUp()[pri:0, instance:applicationTestCases.STC_OCP_Test@3abbfa04]" name="setUp" is-config="true" duration-ms="23916" started-at="2019-06-12T16:05:32Z" finished-at="2019-06-12T16:05:56Z">
          <reporter-output>
          </reporter-output>
        </test-method> <!-- setUp -->
        <test-method status="PASS" signature="testocp(java.lang.String)[pri:0, instance:applicationTestCases.STC_OCP_Test@3abbfa04]" name="testocp" duration-ms="27048" started-at="2019-06-12T16:05:56Z" data-provider="OCP" finished-at="2019-06-12T16:06:23Z">
          <params>
            <param index="0">
              <value>
                <![CDATA[Get User Details]]>
              </value>
            </param>
          </params>
          <reporter-output>
          </reporter-output>
        </test-method> <!-- testocp -->
        <test-method status="PASS" signature="setUp()[pri:0, instance:applicationTestCases.STC_OCP_Test@3abbfa04]" name="setUp" is-config="true" duration-ms="18100" started-at="2019-06-12T16:06:23Z" finished-at="2019-06-12T16:06:41Z">
          <reporter-output>
          </reporter-output>
        </test-method> <!-- setUp -->
        <test-method status="PASS" signature="testocp(java.lang.String)[pri:0, instance:applicationTestCases.STC_OCP_Test@3abbfa04]" name="testocp" duration-ms="25003" started-at="2019-06-12T16:06:41Z" data-provider="OCP" finished-at="2019-06-12T16:07:06Z">
          <params>
            <param index="0">
              <value>
                <![CDATA[Get Mobile Finger Print Details]]>
              </value>
            </param>
          </params>
          <reporter-output>
          </reporter-output>
        </test-method> <!-- testocp -->
      </class> <!-- applicationTestCases.STC_OCP_Test -->
    </test> <!-- Default test -->
  </suite> <!-- Default suite -->
</testng-results>
