<?xml version="1.0" encoding="UTF-8"?>
<testng-results skipped="0" failed="0" total="2" passed="2">
  <reporter-output>
  </reporter-output>
  <suite name="Default suite" duration-ms="97356" started-at="2019-06-13T05:42:27Z" finished-at="2019-06-13T05:44:05Z">
    <groups>
    </groups>
    <test name="Default test" duration-ms="97356" started-at="2019-06-13T05:42:27Z" finished-at="2019-06-13T05:44:05Z">
      <class name="applicationTestCases.STC_OCP_Test">
        <test-method status="PASS" signature="setUp()[pri:0, instance:applicationTestCases.STC_OCP_Test@57fffcd7]" name="setUp" is-config="true" duration-ms="24396" started-at="2019-06-13T11:12:30Z" finished-at="2019-06-13T11:12:54Z">
          <reporter-output>
          </reporter-output>
        </test-method> <!-- setUp -->
        <test-method status="PASS" signature="testocp(java.lang.String)[pri:0, instance:applicationTestCases.STC_OCP_Test@57fffcd7]" name="testocp" duration-ms="22888" started-at="2019-06-13T11:12:54Z" data-provider="OCP" finished-at="2019-06-13T11:13:17Z">
          <params>
            <param index="0">
              <value>
                <![CDATA[Get User Details]]>
              </value>
            </param>
          </params>
          <reporter-output>
          </reporter-output>
        </test-method> <!-- testocp -->
        <test-method status="PASS" signature="tearDown(org.testng.ITestResult)[pri:0, instance:applicationTestCases.STC_OCP_Test@57fffcd7]" name="tearDown" is-config="true" duration-ms="2979" started-at="2019-06-13T11:13:17Z" finished-at="2019-06-13T11:13:20Z">
          <params>
            <param index="0">
              <value>
                <![CDATA[[TestResult name=testocp status=SUCCESS method=STC_OCP_Test.testocp(java.lang.String)[pri:0, instance:applicationTestCases.STC_OCP_Test@57fffcd7] output={null}]]]>
              </value>
            </param>
          </params>
          <reporter-output>
          </reporter-output>
        </test-method> <!-- tearDown -->
        <test-method status="PASS" signature="setUp()[pri:0, instance:applicationTestCases.STC_OCP_Test@57fffcd7]" name="setUp" is-config="true" duration-ms="18499" started-at="2019-06-13T11:13:20Z" finished-at="2019-06-13T11:13:38Z">
          <reporter-output>
          </reporter-output>
        </test-method> <!-- setUp -->
        <test-method status="PASS" signature="testocp(java.lang.String)[pri:0, instance:applicationTestCases.STC_OCP_Test@57fffcd7]" name="testocp" duration-ms="23734" started-at="2019-06-13T11:13:38Z" data-provider="OCP" finished-at="2019-06-13T11:14:02Z">
          <params>
            <param index="0">
              <value>
                <![CDATA[Get Mobile Finger Print Details]]>
              </value>
            </param>
          </params>
          <reporter-output>
          </reporter-output>
        </test-method> <!-- testocp -->
        <test-method status="PASS" signature="tearDown(org.testng.ITestResult)[pri:0, instance:applicationTestCases.STC_OCP_Test@57fffcd7]" name="tearDown" is-config="true" duration-ms="2794" started-at="2019-06-13T11:14:02Z" finished-at="2019-06-13T11:14:05Z">
          <params>
            <param index="0">
              <value>
                <![CDATA[[TestResult name=testocp status=SUCCESS method=STC_OCP_Test.testocp(java.lang.String)[pri:0, instance:applicationTestCases.STC_OCP_Test@57fffcd7] output={null}]]]>
              </value>
            </param>
          </params>
          <reporter-output>
          </reporter-output>
        </test-method> <!-- tearDown -->
      </class> <!-- applicationTestCases.STC_OCP_Test -->
    </test> <!-- Default test -->
  </suite> <!-- Default suite -->
</testng-results>
